Determining if the pthread_create exist failed with the following output:
Change Dir: /home/liangyichen/catkin_ws/src/aruco_slam/build/CMakeFiles/CMakeTmp

Run Build Command:"/usr/bin/make" "cmTC_4b04d/fast"
/usr/bin/make -f CMakeFiles/cmTC_4b04d.dir/build.make CMakeFiles/cmTC_4b04d.dir/build
make[1]: Entering directory '/home/liangyichen/catkin_ws/src/aruco_slam/build/CMakeFiles/CMakeTmp'
Building C object CMakeFiles/cmTC_4b04d.dir/CheckSymbolExists.c.o
/usr/bin/gcc    -o CMakeFiles/cmTC_4b04d.dir/CheckSymbolExists.c.o   -c /home/liangyichen/catkin_ws/src/aruco_slam/build/CMakeFiles/CMakeTmp/CheckSymbolExists.c
Linking C executable cmTC_4b04d
/usr/bin/cmake -E cmake_link_script CMakeFiles/cmTC_4b04d.dir/link.txt --verbose=1
/usr/bin/gcc      -rdynamic CMakeFiles/cmTC_4b04d.dir/CheckSymbolExists.c.o  -o cmTC_4b04d 
CMakeFiles/cmTC_4b04d.dir/CheckSymbolExists.c.o: In function `main':
CheckSymbolExists.c:(.text+0x1b): undefined reference to `pthread_create'
collect2: error: ld returned 1 exit status
CMakeFiles/cmTC_4b04d.dir/build.make:97: recipe for target 'cmTC_4b04d' failed
make[1]: *** [cmTC_4b04d] Error 1
make[1]: Leaving directory '/home/liangyichen/catkin_ws/src/aruco_slam/build/CMakeFiles/CMakeTmp'
Makefile:126: recipe for target 'cmTC_4b04d/fast' failed
make: *** [cmTC_4b04d/fast] Error 2

File /home/liangyichen/catkin_ws/src/aruco_slam/build/CMakeFiles/CMakeTmp/CheckSymbolExists.c:
/* */
#include <pthread.h>

int main(int argc, char** argv)
{
  (void)argv;
#ifndef pthread_create
  return ((int*)(&pthread_create))[argc];
#else
  (void)argc;
  return 0;
#endif
}

Determining if the function pthread_create exists in the pthreads failed with the following output:
Change Dir: /home/liangyichen/catkin_ws/src/aruco_slam/build/CMakeFiles/CMakeTmp

Run Build Command:"/usr/bin/make" "cmTC_64ad5/fast"
/usr/bin/make -f CMakeFiles/cmTC_64ad5.dir/build.make CMakeFiles/cmTC_64ad5.dir/build
make[1]: Entering directory '/home/liangyichen/catkin_ws/src/aruco_slam/build/CMakeFiles/CMakeTmp'
Building C object CMakeFiles/cmTC_64ad5.dir/CheckFunctionExists.c.o
/usr/bin/gcc   -DCHECK_FUNCTION_EXISTS=pthread_create   -o CMakeFiles/cmTC_64ad5.dir/CheckFunctionExists.c.o   -c /usr/share/cmake-3.10/Modules/CheckFunctionExists.c
Linking C executable cmTC_64ad5
/usr/bin/cmake -E cmake_link_script CMakeFiles/cmTC_64ad5.dir/link.txt --verbose=1
/usr/bin/gcc  -DCHECK_FUNCTION_EXISTS=pthread_create    -rdynamic CMakeFiles/cmTC_64ad5.dir/CheckFunctionExists.c.o  -o cmTC_64ad5 -lpthreads 
/usr/bin/ld: cannot find -lpthreads
collect2: error: ld returned 1 exit status
CMakeFiles/cmTC_64ad5.dir/build.make:97: recipe for target 'cmTC_64ad5' failed
make[1]: *** [cmTC_64ad5] Error 1
make[1]: Leaving directory '/home/liangyichen/catkin_ws/src/aruco_slam/build/CMakeFiles/CMakeTmp'
Makefile:126: recipe for target 'cmTC_64ad5/fast' failed
make: *** [cmTC_64ad5/fast] Error 2


